/0:0:0:0:0:0:0:1:59536 start 2021-02-21 15:32:11
/0:0:0:0:0:0:0:1:59536 teamName Zhomas 2021-02-21 15:32:11
/0:0:0:0:0:0:0:1:59536 location localhost:6969 2021-02-21 15:32:11
/0:0:0:0:0:0:0:1:59536 code sourceCode 2021-02-21 15:32:11
/0:0:0:0:0:0:0:1:59536 added Zhomas localhost:6969 2021-02-21 15:32:11
/0:0:0:0:0:0:0:1:59536 sending 2021-02-21 15:32:11
/0:0:0:0:0:0:0:1:59536 sent 1 localhost:6969  2021-02-21 15:32:11
/0:0:0:0:0:0:0:1:59586 start 2021-02-21 15:32:55
/0:0:0:0:0:0:0:1:59586 teamName Zhomas2 2021-02-21 15:32:55
/0:0:0:0:0:0:0:1:59586 location localhost:6868 2021-02-21 15:32:55
/0:0:0:0:0:0:0:1:59586 code sourceCode 2021-02-21 15:32:55
/0:0:0:0:0:0:0:1:59586 added Zhomas2 localhost:6868 2021-02-21 15:32:55
/0:0:0:0:0:0:0:1:59586 sending 2021-02-21 15:32:55
/0:0:0:0:0:0:0:1:59586 sent 2 localhost:6868 localhost:6969  2021-02-21 15:32:55
/0:0:0:0:0:0:0:1:33096 start 2021-02-21 16:00:51
/0:0:0:0:0:0:0:1:33096 teamName Zhomas 2021-02-21 16:00:51
/0:0:0:0:0:0:0:1:33096 location localhost:6969 2021-02-21 16:00:51
/0:0:0:0:0:0:0:1:33096 code sourceCode 2021-02-21 16:00:51
/0:0:0:0:0:0:0:1:33096 added Zhomas localhost:6969 2021-02-21 16:00:51
/0:0:0:0:0:0:0:1:33096 sending 2021-02-21 16:00:51
/0:0:0:0:0:0:0:1:33096 sent 1 localhost:6969  2021-02-21 16:00:51
/0:0:0:0:0:0:0:1:33130 start 2021-02-21 16:01:24
/0:0:0:0:0:0:0:1:33130 teamName Zhomas2 2021-02-21 16:01:24
/0:0:0:0:0:0:0:1:33130 location localhost:6868 2021-02-21 16:01:24
/0:0:0:0:0:0:0:1:33130 code sourceCode 2021-02-21 16:01:24
/0:0:0:0:0:0:0:1:33130 added Zhomas2 localhost:6868 2021-02-21 16:01:24
/0:0:0:0:0:0:0:1:33130 sending 2021-02-21 16:01:24
/0:0:0:0:0:0:0:1:33130 sent 2 localhost:6868 localhost:6969  2021-02-21 16:01:24
/0:0:0:0:0:0:0:1:33196 start 2021-02-21 16:02:34
/0:0:0:0:0:0:0:1:33196 teamName Zhomas 2021-02-21 16:02:34
/0:0:0:0:0:0:0:1:33196 location localhost:6969 2021-02-21 16:02:34
/0:0:0:0:0:0:0:1:33196 code sourceCode 2021-02-21 16:02:34
/0:0:0:0:0:0:0:1:33196 added Zhomas localhost:6969 2021-02-21 16:02:34
/0:0:0:0:0:0:0:1:33196 sending 2021-02-21 16:02:34
/0:0:0:0:0:0:0:1:33196 sent 2 localhost:6868 localhost:6969  2021-02-21 16:02:34
/0:0:0:0:0:0:0:1:34046 start 2021-02-21 16:16:38
/0:0:0:0:0:0:0:1:34046 teamName Zhomas 2021-02-21 16:16:38
/0:0:0:0:0:0:0:1:34046 location localhost:6868 2021-02-21 16:16:38
/0:0:0:0:0:0:0:1:34046 code sourceCode 2021-02-21 16:16:38
/0:0:0:0:0:0:0:1:34046 added Zhomas localhost:6868 2021-02-21 16:16:38
/0:0:0:0:0:0:0:1:34046 sending 2021-02-21 16:16:38
/0:0:0:0:0:0:0:1:34046 sent 2 localhost:6868 localhost:6868  2021-02-21 16:16:38
/0:0:0:0:0:0:0:1:34304 start 2021-02-21 16:20:52
/0:0:0:0:0:0:0:1:34304 teamName Zhomas 2021-02-21 16:20:52
/0:0:0:0:0:0:0:1:34304 location localhost:6969 2021-02-21 16:20:52
/0:0:0:0:0:0:0:1:34304 code sourceCode 2021-02-21 16:20:52
/0:0:0:0:0:0:0:1:34304 added Zhomas localhost:6969 2021-02-21 16:20:52
/0:0:0:0:0:0:0:1:34304 sending 2021-02-21 16:20:52
/0:0:0:0:0:0:0:1:34304 sent 2 localhost:6868 localhost:6969  2021-02-21 16:20:52
/0:0:0:0:0:0:0:1:34394 start 2021-02-21 16:22:41
/0:0:0:0:0:0:0:1:34394 teamName Zhomas 2021-02-21 16:22:41
/0:0:0:0:0:0:0:1:34394 location localhost:6969 2021-02-21 16:22:41
/0:0:0:0:0:0:0:1:34394 code sourceCode 2021-02-21 16:22:41
/0:0:0:0:0:0:0:1:34394 added Zhomas localhost:6969 2021-02-21 16:22:41
/0:0:0:0:0:0:0:1:34394 sending 2021-02-21 16:22:41
/0:0:0:0:0:0:0:1:34394 sent 2 localhost:6868 localhost:6969  2021-02-21 16:22:41
/0:0:0:0:0:0:0:1:34444 start 2021-02-21 16:23:33
/0:0:0:0:0:0:0:1:34444 teamName Zhomas 2021-02-21 16:23:33
/0:0:0:0:0:0:0:1:34444 location localhost:6969 2021-02-21 16:23:33
/0:0:0:0:0:0:0:1:34444 code sourceCode 2021-02-21 16:23:33
/0:0:0:0:0:0:0:1:34444 added Zhomas localhost:6969 2021-02-21 16:23:33
/0:0:0:0:0:0:0:1:34444 sending 2021-02-21 16:23:33
/0:0:0:0:0:0:0:1:34444 sent 2 localhost:6868 localhost:6969  2021-02-21 16:23:33
/0:0:0:0:0:0:0:1:34526 start 2021-02-21 16:24:51
/0:0:0:0:0:0:0:1:34526 teamName Zhomas 2021-02-21 16:24:51
/0:0:0:0:0:0:0:1:34526 location localhost:6969 2021-02-21 16:24:51
/0:0:0:0:0:0:0:1:34526 code sourceCode 2021-02-21 16:24:51
/0:0:0:0:0:0:0:1:34526 added Zhomas localhost:6969 2021-02-21 16:24:51
/0:0:0:0:0:0:0:1:34526 sending 2021-02-21 16:24:51
/0:0:0:0:0:0:0:1:34526 sent 2 localhost:6868 localhost:6969  2021-02-21 16:24:51
/0:0:0:0:0:0:0:1:34742 start 2021-02-21 16:28:50
/0:0:0:0:0:0:0:1:34742 teamName Zhomas 2021-02-21 16:28:50
/0:0:0:0:0:0:0:1:34742 location localhost:6969 2021-02-21 16:28:50
/0:0:0:0:0:0:0:1:34742 code sourceCode 2021-02-21 16:28:50
/0:0:0:0:0:0:0:1:34742 added Zhomas localhost:6969 2021-02-21 16:28:50
/0:0:0:0:0:0:0:1:34742 sending 2021-02-21 16:28:50
/0:0:0:0:0:0:0:1:34742 sent 2 localhost:6868 localhost:6969  2021-02-21 16:28:50
/0:0:0:0:0:0:0:1:34804 start 2021-02-21 16:29:34
/0:0:0:0:0:0:0:1:34804 teamName Zhomas 2021-02-21 16:29:34
/0:0:0:0:0:0:0:1:34804 location localhost:6969 2021-02-21 16:29:34
/0:0:0:0:0:0:0:1:34804 code sourceCode 2021-02-21 16:29:34
/0:0:0:0:0:0:0:1:34804 added Zhomas localhost:6969 2021-02-21 16:29:34
/0:0:0:0:0:0:0:1:34804 sending 2021-02-21 16:29:34
/0:0:0:0:0:0:0:1:34804 sent 1 localhost:6969  2021-02-21 16:29:34
/0:0:0:0:0:0:0:1:34894 start 2021-02-21 16:31:17
/0:0:0:0:0:0:0:1:34894 teamName Zhomas 2021-02-21 16:31:17
/0:0:0:0:0:0:0:1:34894 location localhost:6969 2021-02-21 16:31:17
/0:0:0:0:0:0:0:1:34894 code sourceCode 2021-02-21 16:31:17
/0:0:0:0:0:0:0:1:34894 added Zhomas localhost:6969 2021-02-21 16:31:17
/0:0:0:0:0:0:0:1:34894 sending 2021-02-21 16:31:17
/0:0:0:0:0:0:0:1:34894 sent 1 localhost:6969  2021-02-21 16:31:17
/0:0:0:0:0:0:0:1:35060 start 2021-02-21 16:32:27
/0:0:0:0:0:0:0:1:35060 teamName Zhomas 2021-02-21 16:32:27
/0:0:0:0:0:0:0:1:35060 location localhost:6969 2021-02-21 16:32:27
/0:0:0:0:0:0:0:1:35060 code sourceCode 2021-02-21 16:32:27
/0:0:0:0:0:0:0:1:35060 added Zhomas localhost:6969 2021-02-21 16:32:27
/0:0:0:0:0:0:0:1:35060 sending 2021-02-21 16:32:27
/0:0:0:0:0:0:0:1:35060 sent 1 localhost:6969  2021-02-21 16:32:27
/0:0:0:0:0:0:0:1:35084 start 2021-02-21 16:32:52
/0:0:0:0:0:0:0:1:35084 teamName Zhomas 2021-02-21 16:32:52
/0:0:0:0:0:0:0:1:35084 location localhost:6868 2021-02-21 16:32:52
/0:0:0:0:0:0:0:1:35084 code sourceCode 2021-02-21 16:32:52
/0:0:0:0:0:0:0:1:35084 added Zhomas localhost:6868 2021-02-21 16:32:52
/0:0:0:0:0:0:0:1:35084 sending 2021-02-21 16:32:52
/0:0:0:0:0:0:0:1:35084 sent 1 localhost:6868  2021-02-21 16:32:52
/0:0:0:0:0:0:0:1:35148 start 2021-02-21 16:34:02
/0:0:0:0:0:0:0:1:35148 teamName Zhomas1 2021-02-21 16:34:02
/0:0:0:0:0:0:0:1:35148 location localhost:6969 2021-02-21 16:34:02
/0:0:0:0:0:0:0:1:35148 code sourceCode 2021-02-21 16:34:02
/0:0:0:0:0:0:0:1:35148 added Zhomas1 localhost:6969 2021-02-21 16:34:02
/0:0:0:0:0:0:0:1:35148 sending 2021-02-21 16:34:02
/0:0:0:0:0:0:0:1:35148 sent 1 localhost:6969  2021-02-21 16:34:02
/0:0:0:0:0:0:0:1:35164 start 2021-02-21 16:34:22
/0:0:0:0:0:0:0:1:35164 teamName Zhomas2 2021-02-21 16:34:22
/0:0:0:0:0:0:0:1:35164 location localhost:6868 2021-02-21 16:34:22
/0:0:0:0:0:0:0:1:35164 code sourceCode 2021-02-21 16:34:22
/0:0:0:0:0:0:0:1:35164 added Zhomas2 localhost:6868 2021-02-21 16:34:22
/0:0:0:0:0:0:0:1:35164 sending 2021-02-21 16:34:22
/0:0:0:0:0:0:0:1:35164 sent 2 localhost:6969 localhost:6868  2021-02-21 16:34:22
/0:0:0:0:0:0:0:1:35624 start 2021-02-21 16:43:19
/0:0:0:0:0:0:0:1:35624 teamName d 2021-02-21 16:43:19
/0:0:0:0:0:0:0:1:35624 location localhost:6969 2021-02-21 16:43:19
/0:0:0:0:0:0:0:1:35624 code sourceCode 2021-02-21 16:43:19
/0:0:0:0:0:0:0:1:35624 added d localhost:6969 2021-02-21 16:43:19
/0:0:0:0:0:0:0:1:35624 sending 2021-02-21 16:43:19
/0:0:0:0:0:0:0:1:35624 sent 3 localhost:6969 localhost:6969 localhost:6868  2021-02-21 16:43:19
/0:0:0:0:0:0:0:1:35642 start 2021-02-21 16:43:42
/0:0:0:0:0:0:0:1:35642 teamName g 2021-02-21 16:43:42
/0:0:0:0:0:0:0:1:35642 location localhost:6523 2021-02-21 16:43:42
/0:0:0:0:0:0:0:1:35642 code sourceCode 2021-02-21 16:43:42
/0:0:0:0:0:0:0:1:35642 added g localhost:6523 2021-02-21 16:43:42
/0:0:0:0:0:0:0:1:35642 sending 2021-02-21 16:43:42
/0:0:0:0:0:0:0:1:35642 sent 4 localhost:6969 localhost:6523 localhost:6969 localhost:6868  2021-02-21 16:43:42
